<?xml version="1.0" encoding="UTF-8"?>
<!-- Generated by org.testng.reporters.JUnitReportReporter -->
<testsuite hostname="DESKTOP-PP32SQK" failures="0" tests="2" name="com.automation.tests.LoginTest" time="8.081" errors="0" timestamp="2025-11-06T01:21:00 IST" skipped="0">
  <testcase classname="com.automation.tests.LoginTest" name="testValidLogin" time="4.685"/>
  <testcase classname="com.automation.tests.LoginTest" name="testInvalidLogin" time="3.396"/>
</testsuite> <!-- com.automation.tests.LoginTest -->
