<?xml version="1.0" encoding="UTF-8"?>
<testng-results ignored="0" total="1" passed="1" failed="0" skipped="0">
  <reporter-output>
  </reporter-output>
  <suite started-at="2025-11-06T01:25:41 IST" name="Default suite" finished-at="2025-11-06T01:25:47 IST" duration-ms="5699">
    <groups>
    </groups>
    <test started-at="2025-11-06T01:25:41 IST" name="Default test" finished-at="2025-11-06T01:25:47 IST" duration-ms="5699">
      <class name="com.automation.tests.CheckoutTest">
        <test-method is-config="true" signature="setUp()[pri:0, instance:com.automation.tests.CheckoutTest@4218d6a3]" started-at="2025-11-06T01:25:41 IST" name="setUp" finished-at="2025-11-06T01:25:46 IST" duration-ms="4266" status="PASS">
          <reporter-output>
          </reporter-output>
        </test-method> <!-- setUp -->
        <test-method signature="testCheckoutFlow()[pri:0, instance:com.automation.tests.CheckoutTest@4218d6a3]" started-at="2025-11-06T01:25:46 IST" name="testCheckoutFlow" finished-at="2025-11-06T01:25:47 IST" duration-ms="1127" status="PASS">
          <reporter-output>
          </reporter-output>
        </test-method> <!-- testCheckoutFlow -->
        <test-method is-config="true" signature="tearDown()[pri:0, instance:com.automation.tests.CheckoutTest@4218d6a3]" started-at="2025-11-06T01:25:47 IST" name="tearDown" finished-at="2025-11-06T01:25:47 IST" duration-ms="249" status="PASS">
          <reporter-output>
          </reporter-output>
        </test-method> <!-- tearDown -->
      </class> <!-- com.automation.tests.CheckoutTest -->
    </test> <!-- Default test -->
  </suite> <!-- Default suite -->
</testng-results>
